<?xml version="1.0" encoding="UTF-8"?>
<testng-results skipped="0" failed="0" ignored="0" total="3" passed="3">
  <reporter-output>
  </reporter-output>
  <suite name="Suite" duration-ms="7775" started-at="2020-08-07T16:11:58 IST" finished-at="2020-08-07T16:12:06 IST">
    <groups>
    </groups>
    <test name="Test" duration-ms="7775" started-at="2020-08-07T16:11:58 IST" finished-at="2020-08-07T16:12:06 IST">
      <class name="com.test.application.CaptureData">
        <test-method status="PASS" signature="f1()[pri:0, instance:com.test.application.CaptureData@3bfdc050]" name="f1" duration-ms="61" started-at="2020-08-07T16:12:06 IST" finished-at="2020-08-07T16:12:06 IST">
          <reporter-output>
          </reporter-output>
        </test-method> <!-- f1 -->
      </class> <!-- com.test.application.CaptureData -->
      <class name="com.test.application.LaunchApp">
        <test-method status="PASS" signature="beforeTest()[pri:0, instance:com.test.application.LaunchApp@42d80b78]" name="beforeTest" is-config="true" duration-ms="19847" started-at="2020-08-07T16:11:38 IST" finished-at="2020-08-07T16:11:58 IST">
          <reporter-output>
          </reporter-output>
        </test-method> <!-- beforeTest -->
        <test-method status="PASS" signature="f()[pri:0, instance:com.test.application.LaunchApp@42d80b78]" name="f" duration-ms="7590" started-at="2020-08-07T16:11:58 IST" finished-at="2020-08-07T16:12:06 IST">
          <reporter-output>
          </reporter-output>
        </test-method> <!-- f -->
        <test-method status="PASS" signature="afterTest()[pri:0, instance:com.test.application.LaunchApp@42d80b78]" name="afterTest" is-config="true" duration-ms="1534" started-at="2020-08-07T16:12:06 IST" finished-at="2020-08-07T16:12:07 IST">
          <reporter-output>
          </reporter-output>
        </test-method> <!-- afterTest -->
      </class> <!-- com.test.application.LaunchApp -->
      <class name="com.test.application.CaptureData2">
        <test-method status="PASS" signature="f2()[pri:0, instance:com.test.application.CaptureData2@1bce4f0a]" name="f2" duration-ms="54" started-at="2020-08-07T16:12:06 IST" finished-at="2020-08-07T16:12:06 IST">
          <reporter-output>
          </reporter-output>
        </test-method> <!-- f2 -->
      </class> <!-- com.test.application.CaptureData2 -->
    </test> <!-- Test -->
  </suite> <!-- Suite -->
</testng-results>
