<?xml version="1.0" encoding="UTF-8"?>
<testng-results skipped="0" failed="0" ignored="0" total="2" passed="2">
  <reporter-output>
  </reporter-output>
  <suite name="Suite" duration-ms="5768" started-at="2020-08-07T15:06:34 IST" finished-at="2020-08-07T15:06:40 IST">
    <groups>
    </groups>
    <test name="Test" duration-ms="5768" started-at="2020-08-07T15:06:34 IST" finished-at="2020-08-07T15:06:40 IST">
      <class name="com.test.application.CaptureData">
        <test-method status="PASS" signature="f1()[pri:0, instance:com.test.application.CaptureData@42d80b78]" name="f1" duration-ms="52" started-at="2020-08-07T15:06:40 IST" finished-at="2020-08-07T15:06:40 IST">
          <reporter-output>
          </reporter-output>
        </test-method> <!-- f1 -->
      </class> <!-- com.test.application.CaptureData -->
      <class name="com.test.application.LaunchApp">
        <test-method status="PASS" signature="beforeTest()[pri:0, instance:com.test.application.LaunchApp@1e88b3c]" name="beforeTest" is-config="true" duration-ms="13070" started-at="2020-08-07T15:06:21 IST" finished-at="2020-08-07T15:06:34 IST">
          <reporter-output>
          </reporter-output>
        </test-method> <!-- beforeTest -->
        <test-method status="PASS" signature="f()[pri:0, instance:com.test.application.LaunchApp@1e88b3c]" name="f" duration-ms="5675" started-at="2020-08-07T15:06:34 IST" finished-at="2020-08-07T15:06:40 IST">
          <reporter-output>
          </reporter-output>
        </test-method> <!-- f -->
        <test-method status="PASS" signature="afterTest()[pri:0, instance:com.test.application.LaunchApp@1e88b3c]" name="afterTest" is-config="true" duration-ms="813" started-at="2020-08-07T15:06:40 IST" finished-at="2020-08-07T15:06:41 IST">
          <reporter-output>
          </reporter-output>
        </test-method> <!-- afterTest -->
      </class> <!-- com.test.application.LaunchApp -->
    </test> <!-- Test -->
  </suite> <!-- Suite -->
</testng-results>
