<?xml version="1.0" encoding="UTF-8"?>
<!-- Generated by org.testng.reporters.JUnitXMLReporter -->
<testsuite hostname="Mahesh-PC" ignored="0" name="Test" tests="3" failures="0" timestamp="2020-08-07T16:12:06 IST" time="7.775" errors="0">
  <testcase name="f" time="7.59" classname="com.test.application.LaunchApp"/>
  <testcase name="f1" time="0.061" classname="com.test.application.CaptureData"/>
  <testcase name="f2" time="0.054" classname="com.test.application.CaptureData2"/>
</testsuite> <!-- Test -->
