<?xml version="1.0" encoding="UTF-8"?>
<testng-results skipped="0" failed="0" ignored="0" total="1" passed="1">
  <reporter-output>
  </reporter-output>
  <suite name="Default suite" duration-ms="283" started-at="2020-08-07T15:58:08 IST" finished-at="2020-08-07T15:58:09 IST">
    <groups>
    </groups>
    <test name="Default test" duration-ms="283" started-at="2020-08-07T15:58:08 IST" finished-at="2020-08-07T15:58:09 IST">
      <class name="com.test.application.CaptureData2">
        <test-method status="PASS" signature="f1()[pri:0, instance:com.test.application.CaptureData2@6e6c3152]" name="f1" duration-ms="136" started-at="2020-08-07T15:58:08 IST" finished-at="2020-08-07T15:58:09 IST">
          <reporter-output>
          </reporter-output>
        </test-method> <!-- f1 -->
      </class> <!-- com.test.application.CaptureData2 -->
    </test> <!-- Default test -->
  </suite> <!-- Default suite -->
</testng-results>
